# JRE version: Java(TM) SE Runtime Environment (17.0.9+11) (build 17.0.9+11-LTS-201)
# Java VM: Java HotSpot(TM) 64-Bit Server VM (17.0.9+11-LTS-201, mixed mode, sharing, tiered, compressed oops, compressed class ptrs, g1 gc, windows-amd64)
GC Precious Log:
 CPUs: 2 total, 2 available
 Memory: 3541M
 Large Page Support: Disabled
 NUMA Support: Disabled
 Compressed Oops: Enabled (32-bit)
 Heap Region Size: 1M
 Heap Min Capacity: 8M
 Heap Initial Capacity: 56M
 Heap Max Capacity: 886M
 Pre-touch: Disabled
 Parallel Workers: 2
 Concurrent Workers: 1
 Concurrent Refinement Workers: 2
 Periodic GC: Disabled
Heap:
 garbage-first heap   total 57344K, used 14886K [0x00000000c8a00000, 0x0000000100000000)
  region size 1024K, 6 young (6144K), 2 survivors (2048K)
 Metaspace       used 6904K, committed 7104K, reserved 1114112K
  class space    used 727K, committed 832K, reserved 1048576K
GC Heap History (6 events):
Event: 3.391 GC heap before
{Heap before GC invocations=0 (full 0):
 garbage-first heap   total 57344K, used 10240K [0x00000000c8a00000, 0x0000000100000000)
  region size 1024K, 6 young (6144K), 0 survivors (0K)
 Metaspace       used 4614K, committed 4736K, reserved 1114112K
  class space    used 478K, committed 512K, reserved 1048576K
}
Event: 3.407 GC heap after
{Heap after GC invocations=1 (full 0):
 garbage-first heap   total 57344K, used 6497K [0x00000000c8a00000, 0x0000000100000000)
  region size 1024K, 1 young (1024K), 1 survivors (1024K)
 Metaspace       used 4614K, committed 4736K, reserved 1114112K
  class space    used 478K, committed 512K, reserved 1048576K
}
Event: 3.484 GC heap before
{Heap before GC invocations=1 (full 0):
 garbage-first heap   total 57344K, used 10593K [0x00000000c8a00000, 0x0000000100000000)
  region size 1024K, 5 young (5120K), 1 survivors (1024K)
 Metaspace       used 4636K, committed 4736K, reserved 1114112K
  class space    used 478K, committed 512K, reserved 1048576K
}
Event: 3.492 GC heap after
{Heap after GC invocations=2 (full 0):
 garbage-first heap   total 57344K, used 6804K [0x00000000c8a00000, 0x0000000100000000)
  region size 1024K, 1 young (1024K), 1 survivors (1024K)
 Metaspace       used 4636K, committed 4736K, reserved 1114112K
  class space    used 478K, committed 512K, reserved 1048576K
}
Event: 17.401 GC heap before
{Heap before GC invocations=2 (full 0):
 garbage-first heap   total 57344K, used 20116K [0x00000000c8a00000, 0x0000000100000000)
  region size 1024K, 11 young (11264K), 1 survivors (1024K)
 Metaspace       used 6836K, committed 7040K, reserved 1114112K
  class space    used 719K, committed 832K, reserved 1048576K
}
Event: 17.410 GC heap after
{Heap after GC invocations=3 (full 0):
 garbage-first heap   total 57344K, used 11814K [0x00000000c8a00000, 0x0000000100000000)
  region size 1024K, 2 young (2048K), 2 survivors (2048K)
 Metaspace       used 6836K, committed 7040K, reserved 1114112K
  class space    used 719K, committed 832K, reserved 1048576K
}

